<?xml version="1.0" encoding="UTF-8"?>
<testng-results ignored="0" total="1" passed="1" failed="0" skipped="0">
  <reporter-output>
  </reporter-output>
  <suite started-at="2021-06-18T02:43:07 IST" name="Default suite" finished-at="2021-06-18T02:43:07 IST" duration-ms="36">
    <groups>
    </groups>
    <test started-at="2021-06-18T02:43:07 IST" name="Default test" finished-at="2021-06-18T02:43:07 IST" duration-ms="36">
      <class name="AutodeskSelenium.com.crm.autodesk.sampleClass">
        <test-method signature="sampleTest()[pri:0, instance:AutodeskSelenium.com.crm.autodesk.sampleClass@446293d]" started-at="2021-06-18T02:43:07 IST" name="sampleTest" finished-at="2021-06-18T02:43:07 IST" duration-ms="8" status="PASS">
          <reporter-output>
          </reporter-output>
        </test-method> <!-- sampleTest -->
      </class> <!-- AutodeskSelenium.com.crm.autodesk.sampleClass -->
    </test> <!-- Default test -->
  </suite> <!-- Default suite -->
</testng-results>
